Design Route Status
                                               :      # nets :
   ------------------------------------------- : ----------- :
<<<<<<< HEAD
   # of logical nets.......................... :       23906 :
       # of nets not needing routing.......... :        9159 :
           # of internally routed nets........ :        9113 :
           # of nets with no loads............ :          46 :
       # of routable nets..................... :       14747 :
           # of fully routed nets............. :       14747 :
=======
   # of logical nets.......................... :       62002 :
       # of nets not needing routing.......... :       23082 :
           # of internally routed nets........ :       23079 :
           # of nets with no loads............ :           3 :
       # of routable nets..................... :       38920 :
           # of fully routed nets............. :       38920 :
>>>>>>> 82d30bcdddea1ab3a785b38cc9ca2d00db4d7f72
       # of nets with routing errors.......... :           0 :
   ------------------------------------------- : ----------- :

