Copyright 1986-2020 Xilinx, Inc. All Rights Reserved.
---------------------------------------------------------------------------------------------------
<<<<<<< HEAD
| Tool Version : Vivado v.2020.1 (lin64) Build 2902540 Wed May 27 19:54:35 MDT 2020
| Date         : Fri Apr 16 15:07:08 2021
| Host         : localhost.localdomain running 64-bit unknown
=======
| Tool Version : Vivado v.2020.1 (win64) Build 2902540 Wed May 27 19:54:49 MDT 2020
| Date         : Thu May 20 22:33:26 2021
| Host         : dyna-comet running 64-bit major release  (build 9200)
>>>>>>> 82d30bcdddea1ab3a785b38cc9ca2d00db4d7f72
| Command      : report_utilization -file top_utilization_placed.rpt -pb top_utilization_placed.pb
| Design       : top
| Device       : 7k325tffg900-2
| Design State : Fully Placed
---------------------------------------------------------------------------------------------------

Utilization Design Information

Table of Contents
-----------------
1. Slice Logic
1.1 Summary of Registers by Type
2. Slice Logic Distribution
3. Memory
4. DSP
5. IO and GT Specific
6. Clocking
7. Specific Feature
8. Primitives
9. Black Boxes
10. Instantiated Netlists

1. Slice Logic
--------------

<<<<<<< HEAD
+----------------------------+------+-------+-----------+-------+
|          Site Type         | Used | Fixed | Available | Util% |
+----------------------------+------+-------+-----------+-------+
| Slice LUTs                 | 7391 |     0 |    203800 |  3.63 |
|   LUT as Logic             | 6474 |     0 |    203800 |  3.18 |
|   LUT as Memory            |  917 |     0 |     64000 |  1.43 |
|     LUT as Distributed RAM |   32 |     0 |           |       |
|     LUT as Shift Register  |  885 |     0 |           |       |
| Slice Registers            | 9222 |    10 |    407600 |  2.26 |
|   Register as Flip Flop    | 9187 |    10 |    407600 |  2.25 |
|   Register as Latch        |   35 |     0 |    407600 | <0.01 |
| F7 Muxes                   |  648 |     0 |    101900 |  0.64 |
| F8 Muxes                   |  310 |     0 |     50950 |  0.61 |
+----------------------------+------+-------+-----------+-------+
=======
+----------------------------+-------+-------+-----------+-------+
|          Site Type         |  Used | Fixed | Available | Util% |
+----------------------------+-------+-------+-----------+-------+
| Slice LUTs                 | 17469 |     0 |    203800 |  8.57 |
|   LUT as Logic             | 16754 |     0 |    203800 |  8.22 |
|   LUT as Memory            |   715 |     0 |     64000 |  1.12 |
|     LUT as Distributed RAM |     8 |     0 |           |       |
|     LUT as Shift Register  |   707 |     0 |           |       |
| Slice Registers            | 26993 |    10 |    407600 |  6.62 |
|   Register as Flip Flop    | 26958 |    10 |    407600 |  6.61 |
|   Register as Latch        |    35 |     0 |    407600 | <0.01 |
| F7 Muxes                   |   942 |     0 |    101900 |  0.92 |
| F8 Muxes                   |   406 |     0 |     50950 |  0.80 |
+----------------------------+-------+-------+-----------+-------+
>>>>>>> 82d30bcdddea1ab3a785b38cc9ca2d00db4d7f72


1.1 Summary of Registers by Type
--------------------------------

+-------+--------------+-------------+--------------+
| Total | Clock Enable | Synchronous | Asynchronous |
+-------+--------------+-------------+--------------+
| 0     |            _ |           - |            - |
| 0     |            _ |           - |          Set |
| 0     |            _ |           - |        Reset |
| 0     |            _ |         Set |            - |
| 0     |            _ |       Reset |            - |
| 0     |          Yes |           - |            - |
<<<<<<< HEAD
| 274   |          Yes |           - |          Set |
| 1716  |          Yes |           - |        Reset |
| 113   |          Yes |         Set |            - |
| 7131  |          Yes |       Reset |            - |
=======
| 212   |          Yes |           - |          Set |
| 1583  |          Yes |           - |        Reset |
| 354   |          Yes |         Set |            - |
| 24856 |          Yes |       Reset |            - |
>>>>>>> 82d30bcdddea1ab3a785b38cc9ca2d00db4d7f72
+-------+--------------+-------------+--------------+


2. Slice Logic Distribution
---------------------------

<<<<<<< HEAD
+--------------------------------------------+------+-------+-----------+-------+
|                  Site Type                 | Used | Fixed | Available | Util% |
+--------------------------------------------+------+-------+-----------+-------+
| Slice                                      | 3537 |     0 |     50950 |  6.94 |
|   SLICEL                                   | 2290 |     0 |           |       |
|   SLICEM                                   | 1247 |     0 |           |       |
| LUT as Logic                               | 6474 |     0 |    203800 |  3.18 |
|   using O5 output only                     |    0 |       |           |       |
|   using O6 output only                     | 5809 |       |           |       |
|   using O5 and O6                          |  665 |       |           |       |
| LUT as Memory                              |  917 |     0 |     64000 |  1.43 |
|   LUT as Distributed RAM                   |   32 |     0 |           |       |
|     using O5 output only                   |    0 |       |           |       |
|     using O6 output only                   |    8 |       |           |       |
|     using O5 and O6                        |   24 |       |           |       |
|   LUT as Shift Register                    |  885 |     0 |           |       |
|     using O5 output only                   |   31 |       |           |       |
|     using O6 output only                   |  692 |       |           |       |
|     using O5 and O6                        |  162 |       |           |       |
| Slice Registers                            | 9222 |     0 |    407600 |  2.26 |
|   Register driven from within the Slice    | 5162 |       |           |       |
|   Register driven from outside the Slice   | 4060 |       |           |       |
|     LUT in front of the register is unused | 3001 |       |           |       |
|     LUT in front of the register is used   | 1059 |       |           |       |
| Unique Control Sets                        |  561 |       |     50950 |  1.10 |
+--------------------------------------------+------+-------+-----------+-------+
=======
+--------------------------------------------+-------+-------+-----------+-------+
|                  Site Type                 |  Used | Fixed | Available | Util% |
+--------------------------------------------+-------+-------+-----------+-------+
| Slice                                      |  8372 |     0 |     50950 | 16.43 |
|   SLICEL                                   |  5161 |     0 |           |       |
|   SLICEM                                   |  3211 |     0 |           |       |
| LUT as Logic                               | 16754 |     0 |    203800 |  8.22 |
|   using O5 output only                     |     0 |       |           |       |
|   using O6 output only                     | 11782 |       |           |       |
|   using O5 and O6                          |  4972 |       |           |       |
| LUT as Memory                              |   715 |     0 |     64000 |  1.12 |
|   LUT as Distributed RAM                   |     8 |     0 |           |       |
|     using O5 output only                   |     0 |       |           |       |
|     using O6 output only                   |     8 |       |           |       |
|     using O5 and O6                        |     0 |       |           |       |
|   LUT as Shift Register                    |   707 |     0 |           |       |
|     using O5 output only                   |    27 |       |           |       |
|     using O6 output only                   |   658 |       |           |       |
|     using O5 and O6                        |    22 |       |           |       |
| Slice Registers                            | 26993 |     0 |    407600 |  6.62 |
|   Register driven from within the Slice    | 15194 |       |           |       |
|   Register driven from outside the Slice   | 11799 |       |           |       |
|     LUT in front of the register is unused |  8789 |       |           |       |
|     LUT in front of the register is used   |  3010 |       |           |       |
| Unique Control Sets                        |  1008 |       |     50950 |  1.98 |
+--------------------------------------------+-------+-------+-----------+-------+
>>>>>>> 82d30bcdddea1ab3a785b38cc9ca2d00db4d7f72
* * Note: Available Control Sets calculated as Slice * 1, Review the Control Sets Report for more information regarding control sets.


3. Memory
---------

<<<<<<< HEAD
+-------------------+-------+-------+-----------+-------+
|     Site Type     |  Used | Fixed | Available | Util% |
+-------------------+-------+-------+-----------+-------+
| Block RAM Tile    | 204.5 |     0 |       445 | 45.96 |
|   RAMB36/FIFO*    |   201 |     0 |       445 | 45.17 |
|     RAMB36E1 only |   201 |       |           |       |
|   RAMB18          |     7 |     0 |       890 |  0.79 |
|     RAMB18E1 only |     7 |       |           |       |
+-------------------+-------+-------+-----------+-------+
=======
+-------------------+------+-------+-----------+-------+
|     Site Type     | Used | Fixed | Available | Util% |
+-------------------+------+-------+-----------+-------+
| Block RAM Tile    |  242 |     0 |       445 | 54.38 |
|   RAMB36/FIFO*    |  239 |     0 |       445 | 53.71 |
|     RAMB36E1 only |  239 |       |           |       |
|   RAMB18          |    6 |     0 |       890 |  0.67 |
|     RAMB18E1 only |    6 |       |           |       |
+-------------------+------+-------+-----------+-------+
>>>>>>> 82d30bcdddea1ab3a785b38cc9ca2d00db4d7f72
* Note: Each Block RAM Tile only has one FIFO logic available and therefore can accommodate only one FIFO36E1 or one FIFO18E1. However, if a FIFO18E1 occupies a Block RAM Tile, that tile can still accommodate a RAMB18E1


4. DSP
------

+-----------+------+-------+-----------+-------+
| Site Type | Used | Fixed | Available | Util% |
+-----------+------+-------+-----------+-------+
| DSPs      |    0 |     0 |       840 |  0.00 |
+-----------+------+-------+-----------+-------+


5. IO and GT Specific
---------------------

+-----------------------------+------+-------+-----------+-------+
|          Site Type          | Used | Fixed | Available | Util% |
+-----------------------------+------+-------+-----------+-------+
| Bonded IOB                  |  199 |   199 |       500 | 39.80 |
|   IOB Master Pads           |   99 |       |           |       |
|   IOB Slave Pads            |   95 |       |           |       |
|   IOB Flip Flops            |   12 |    12 |           |       |
| Bonded IPADs                |    0 |     0 |        50 |  0.00 |
| Bonded OPADs                |    0 |     0 |        32 |  0.00 |
| PHY_CONTROL                 |    0 |     0 |        10 |  0.00 |
| PHASER_REF                  |    0 |     0 |        10 |  0.00 |
| OUT_FIFO                    |    0 |     0 |        40 |  0.00 |
| IN_FIFO                     |    0 |     0 |        40 |  0.00 |
| IDELAYCTRL                  |    0 |     0 |        10 |  0.00 |
| IBUFDS                      |   81 |    81 |       480 | 16.88 |
| GTXE2_COMMON                |    0 |     0 |         4 |  0.00 |
| GTXE2_CHANNEL               |    0 |     0 |        16 |  0.00 |
| PHASER_OUT/PHASER_OUT_PHY   |    0 |     0 |        40 |  0.00 |
| PHASER_IN/PHASER_IN_PHY     |    0 |     0 |        40 |  0.00 |
| IDELAYE2/IDELAYE2_FINEDELAY |    0 |     0 |       500 |  0.00 |
| ODELAYE2/ODELAYE2_FINEDELAY |    0 |     0 |       150 |  0.00 |
| IBUFDS_GTE2                 |    0 |     0 |         8 |  0.00 |
| ILOGIC                      |    1 |     1 |       500 |  0.20 |
|   IFF_Register              |    1 |     1 |           |       |
| OLOGIC                      |   12 |    12 |       500 |  2.40 |
|   OUTFF_Register            |   10 |    10 |           |       |
|   OUTFF_ODDR_Register       |    1 |     1 |           |       |
|   TFF_Register              |    1 |     1 |           |       |
+-----------------------------+------+-------+-----------+-------+


6. Clocking
-----------

+------------+------+-------+-----------+-------+
|  Site Type | Used | Fixed | Available | Util% |
+------------+------+-------+-----------+-------+
| BUFGCTRL   |    5 |     0 |        32 | 15.63 |
| BUFIO      |    0 |     0 |        40 |  0.00 |
| MMCME2_ADV |    0 |     0 |        10 |  0.00 |
| PLLE2_ADV  |    2 |     0 |        10 | 20.00 |
| BUFMRCE    |    0 |     0 |        20 |  0.00 |
| BUFHCE     |    0 |     0 |       168 |  0.00 |
| BUFR       |    0 |     0 |        40 |  0.00 |
+------------+------+-------+-----------+-------+


7. Specific Feature
-------------------

+-------------+------+-------+-----------+-------+
|  Site Type  | Used | Fixed | Available | Util% |
+-------------+------+-------+-----------+-------+
| BSCANE2     |    0 |     0 |         4 |  0.00 |
| CAPTUREE2   |    0 |     0 |         1 |  0.00 |
| DNA_PORT    |    0 |     0 |         1 |  0.00 |
| EFUSE_USR   |    0 |     0 |         1 |  0.00 |
| FRAME_ECCE2 |    0 |     0 |         1 |  0.00 |
| ICAPE2      |    0 |     0 |         2 |  0.00 |
| PCIE_2_1    |    0 |     0 |         1 |  0.00 |
| STARTUPE2   |    0 |     0 |         1 |  0.00 |
| XADC        |    0 |     0 |         1 |  0.00 |
+-------------+------+-------+-----------+-------+


8. Primitives
-------------

<<<<<<< HEAD
+-------------+------+---------------------+
|   Ref Name  | Used | Functional Category |
+-------------+------+---------------------+
| FDRE        | 7131 |        Flop & Latch |
| LUT6        | 2241 |                 LUT |
| FDCE        | 1681 |        Flop & Latch |
| LUT2        | 1630 |                 LUT |
| LUT3        | 1513 |                 LUT |
| LUT4        |  901 |                 LUT |
| SRLC32E     |  790 |  Distributed Memory |
| MUXF7       |  648 |               MuxFx |
| LUT5        |  594 |                 LUT |
| CARRY4      |  456 |          CarryLogic |
| MUXF8       |  310 |               MuxFx |
| FDPE        |  274 |        Flop & Latch |
| LUT1        |  260 |                 LUT |
| SRL16E      |  255 |  Distributed Memory |
| RAMB36E1    |  201 |        Block Memory |
| FDSE        |  113 |        Flop & Latch |
| IBUFDS      |   80 |                  IO |
| RAMD32      |   36 |  Distributed Memory |
| LDCE        |   35 |        Flop & Latch |
| RAMS32      |   20 |  Distributed Memory |
| IBUF        |   20 |                  IO |
| OBUF        |   18 |                  IO |
| RAMB18E1    |    7 |        Block Memory |
| BUFG        |    4 |               Clock |
| SRLC16E     |    2 |  Distributed Memory |
| PLLE2_ADV   |    2 |               Clock |
| OBUFT       |    2 |                  IO |
| ZHOLD_DELAY |    1 |              Others |
| PULLUP      |    1 |                 I/O |
| ODDR        |    1 |                  IO |
| BUFGCTRL    |    1 |               Clock |
| BSCANE2     |    1 |              Others |
+-------------+------+---------------------+
=======
+-------------+-------+---------------------+
|   Ref Name  |  Used | Functional Category |
+-------------+-------+---------------------+
| FDRE        | 24856 |        Flop & Latch |
| LUT3        | 11256 |                 LUT |
| LUT6        |  3642 |                 LUT |
| LUT2        |  2655 |                 LUT |
| LUT5        |  1807 |                 LUT |
| LUT4        |  1654 |                 LUT |
| FDCE        |  1548 |        Flop & Latch |
| CARRY4      |  1267 |          CarryLogic |
| MUXF7       |   942 |               MuxFx |
| LUT1        |   712 |                 LUT |
| SRLC32E     |   656 |  Distributed Memory |
| MUXF8       |   406 |               MuxFx |
| FDSE        |   354 |        Flop & Latch |
| RAMB36E1    |   239 |        Block Memory |
| FDPE        |   212 |        Flop & Latch |
| IBUFDS      |    81 |                  IO |
| SRL16E      |    73 |  Distributed Memory |
| LDCE        |    35 |        Flop & Latch |
| IBUF        |    19 |                  IO |
| OBUF        |    18 |                  IO |
| RAMS32      |     8 |  Distributed Memory |
| RAMB18E1    |     6 |        Block Memory |
| BUFG        |     5 |               Clock |
| PLLE2_ADV   |     2 |               Clock |
| OBUFT       |     2 |                  IO |
| ZHOLD_DELAY |     1 |              Others |
| PULLUP      |     1 |                 I/O |
| ODDR        |     1 |                  IO |
+-------------+-------+---------------------+
>>>>>>> 82d30bcdddea1ab3a785b38cc9ca2d00db4d7f72


9. Black Boxes
--------------

+----------+------+
| Ref Name | Used |
+----------+------+


10. Instantiated Netlists
-------------------------

+-------------------------+------+
|         Ref Name        | Used |
+-------------------------+------+
<<<<<<< HEAD
| shift_ram_hit           |   81 |
| ila_0                   |    1 |
| fifo_generator_1        |    1 |
| fifo_generator_0        |    1 |
| dbg_hub                 |    1 |
=======
| bram_2byte_2K           |  222 |
| shift_ram_hit           |   82 |
>>>>>>> 82d30bcdddea1ab3a785b38cc9ca2d00db4d7f72
| SiTCP_XC7K_32K_BBT_V110 |    1 |
+-------------------------+------+


