<<<<<<< HEAD
Copyright 1986-2020 Xilinx, Inc. All Rights Reserved.
-------------------------------------------------------------------------------------------------------------------------------
| Tool Version     : Vivado v.2020.1 (win64) Build 2902540 Wed May 27 19:54:49 MDT 2020
| Date             : Wed Jan 27 10:31:02 2021
| Host             : dyna-comet running 64-bit major release  (build 9200)
| Command          : report_power -file top_power_routed.rpt -pb top_power_summary_routed.pb -rpx top_power_routed.rpx
| Design           : top
| Device           : xc7k325tffg900-2
| Design State     : routed
| Grade            : commercial
| Process          : typical
| Characterization : Production
-------------------------------------------------------------------------------------------------------------------------------

Power Report

Table of Contents
-----------------
1. Summary
1.1 On-Chip Components
1.2 Power Supply Summary
1.3 Confidence Level
2. Settings
2.1 Environment
2.2 Clock Constraints
3. Detailed Reports
3.1 By Hierarchy

1. Summary
----------

+--------------------------+--------------+
| Total On-Chip Power (W)  | 3.577        |
| Design Power Budget (W)  | Unspecified* |
| Power Budget Margin (W)  | NA           |
| Dynamic (W)              | 3.375        |
| Device Static (W)        | 0.203        |
| Effective TJA (C/W)      | 1.8          |
| Max Ambient (C)          | 78.6         |
| Junction Temperature (C) | 31.4         |
| Confidence Level         | Low          |
| Setting File             | ---          |
| Simulation Activity File | ---          |
| Design Nets Matched      | NA           |
+--------------------------+--------------+
* Specify Design Power Budget using, set_operating_conditions -design_power_budget <value in Watts>


1.1 On-Chip Components
----------------------

+--------------------------+-----------+----------+-----------+-----------------+
| On-Chip                  | Power (W) | Used     | Available | Utilization (%) |
+--------------------------+-----------+----------+-----------+-----------------+
| Clocks                   |     0.220 |        9 |       --- |             --- |
| Slice Logic              |     0.096 |    45720 |       --- |             --- |
|   LUT as Logic           |     0.087 |    17132 |    203800 |            8.41 |
|   CARRY4                 |     0.003 |     2500 |     50950 |            4.91 |
|   F7/F8 Muxes            |     0.003 |     1110 |    203800 |            0.54 |
|   Register               |     0.003 |    17493 |    407600 |            4.29 |
|   LUT as Shift Register  |    <0.001 |      226 |     64000 |            0.35 |
|   LUT as Distributed RAM |    <0.001 |       32 |     64000 |            0.05 |
|   Others                 |     0.000 |     2235 |       --- |             --- |
| Signals                  |     0.215 |    35791 |       --- |             --- |
| Block RAM                |     2.248 |    320.5 |       445 |           72.02 |
| PLL                      |     0.110 |        1 |        10 |           10.00 |
| I/O                      |     0.486 |      196 |       500 |           39.20 |
| Static Power             |     0.203 |          |           |                 |
| Total                    |     3.577 |          |           |                 |
+--------------------------+-----------+----------+-----------+-----------------+


1.2 Power Supply Summary
------------------------

+-----------+-------------+-----------+-------------+------------+-------------+-------------+------------+
| Source    | Voltage (V) | Total (A) | Dynamic (A) | Static (A) | Powerup (A) | Budget (A)  | Margin (A) |
+-----------+-------------+-----------+-------------+------------+-------------+-------------+------------+
| Vccint    |       1.000 |     2.738 |       2.640 |      0.098 |       NA    | Unspecified | NA         |
| Vccaux    |       1.800 |     0.162 |       0.133 |      0.029 |       NA    | Unspecified | NA         |
| Vcco33    |       3.300 |     0.000 |       0.000 |      0.000 |       NA    | Unspecified | NA         |
| Vcco25    |       2.500 |     0.129 |       0.128 |      0.001 |       NA    | Unspecified | NA         |
| Vcco18    |       1.800 |     0.000 |       0.000 |      0.000 |       NA    | Unspecified | NA         |
| Vcco15    |       1.500 |     0.000 |       0.000 |      0.000 |       NA    | Unspecified | NA         |
| Vcco135   |       1.350 |     0.000 |       0.000 |      0.000 |       NA    | Unspecified | NA         |
| Vcco12    |       1.200 |     0.000 |       0.000 |      0.000 |       NA    | Unspecified | NA         |
| Vccaux_io |       1.800 |     0.000 |       0.000 |      0.000 |       NA    | Unspecified | NA         |
| Vccbram   |       1.000 |     0.188 |       0.174 |      0.014 |       NA    | Unspecified | NA         |
| MGTAVcc   |       1.000 |     0.000 |       0.000 |      0.000 |       NA    | Unspecified | NA         |
| MGTAVtt   |       1.200 |     0.000 |       0.000 |      0.000 |       NA    | Unspecified | NA         |
| MGTVccaux |       1.800 |     0.000 |       0.000 |      0.000 |       NA    | Unspecified | NA         |
| Vccadc    |       1.800 |     0.020 |       0.000 |      0.020 |       NA    | Unspecified | NA         |
+-----------+-------------+-----------+-------------+------------+-------------+-------------+------------+


1.3 Confidence Level
--------------------

+-----------------------------+------------+--------------------------------------------------------+------------------------------------------------------------------------------------------------------------+
| User Input Data             | Confidence | Details                                                | Action                                                                                                     |
+-----------------------------+------------+--------------------------------------------------------+------------------------------------------------------------------------------------------------------------+
| Design implementation state | High       | Design is routed                                       |                                                                                                            |
| Clock nodes activity        | High       | User specified more than 95% of clocks                 |                                                                                                            |
| I/O nodes activity          | Low        | More than 75% of inputs are missing user specification | Provide missing input activity with simulation results or by editing the "By Resource Type -> I/Os" view   |
| Internal nodes activity     | Medium     | User specified less than 25% of internal nodes         | Provide missing internal nodes activity with simulation results or by editing the "By Resource Type" views |
| Device models               | High       | Device models are Production                           |                                                                                                            |
|                             |            |                                                        |                                                                                                            |
| Overall confidence level    | Low        |                                                        |                                                                                                            |
+-----------------------------+------------+--------------------------------------------------------+------------------------------------------------------------------------------------------------------------+


2. Settings
-----------

2.1 Environment
---------------

+-----------------------+--------------------------+
| Ambient Temp (C)      | 25.0                     |
| ThetaJA (C/W)         | 1.8                      |
| Airflow (LFM)         | 250                      |
| Heat Sink             | medium (Medium Profile)  |
| ThetaSA (C/W)         | 3.3                      |
| Board Selection       | medium (10"x10")         |
| # of Board Layers     | 12to15 (12 to 15 Layers) |
| Board Temperature (C) | 25.0                     |
+-----------------------+--------------------------+


2.2 Clock Constraints
---------------------

+--------------------------------------------------------------------------------------------+----------------------------------------------------------------------+-----------------+
| Clock                                                                                      | Domain                                                               | Constraint (ns) |
+--------------------------------------------------------------------------------------------+----------------------------------------------------------------------+-----------------+
| CLK_125M_1                                                                                 | nolabel_line186/CLK_125M                                             |             8.0 |
| CLK_200M                                                                                   | nolabel_line186/CLK_200M                                             |             5.0 |
| GMII_RX_CLK                                                                                | GMII_RX_CLK                                                          |             8.0 |
| PLL_CLKFB_1                                                                                | nolabel_line186/PLL_CLKFB                                            |             5.0 |
| SYSCLK_200MP_IN                                                                            | SYSCLK_200MP_IN                                                      |             5.0 |
| dbg_hub/inst/BSCANID.u_xsdbm_id/SWITCH_N_EXT_BSCAN.bscan_inst/SERIES7_BSCAN.bscan_inst/TCK | dbg_hub/inst/BSCANID.u_xsdbm_id/SWITCH_N_EXT_BSCAN.bscan_inst/tck_bs |            33.0 |
+--------------------------------------------------------------------------------------------+----------------------------------------------------------------------+-----------------+


3. Detailed Reports
-------------------

3.1 By Hierarchy
----------------

+------------------------------------+-----------+
| Name                               | Power (W) |
+------------------------------------+-----------+
| top                                |     3.375 |
|   LOC_REG                          |     0.010 |
|   dbg_hub                          |     0.006 |
|     inst                           |     0.006 |
|       BSCANID.u_xsdbm_id           |     0.006 |
|   ila_0                            |     0.043 |
|     inst                           |     0.043 |
|       ila_core_inst                |     0.043 |
|   nolabel_line186                  |     0.231 |
|     AT93C46_IIC                    |     0.008 |
|       MIRROR_MEM                   |     0.003 |
|       PCA9548_SW                   |     0.003 |
|     SiTCP                          |     0.102 |
|       SiTCP                        |     0.102 |
|     fifo_generator_v11_0           |     0.005 |
|       U0                           |     0.005 |
|   top_mcs                          |     2.584 |
|     BUF_LOOP[0].shift_cntr_eachbuf |     0.635 |
|       CHANNEL_BLK[0].shift_cntr    |     0.015 |
|       CHANNEL_BLK[10].shift_cntr   |     0.008 |
|       CHANNEL_BLK[11].shift_cntr   |     0.008 |
|       CHANNEL_BLK[12].shift_cntr   |     0.008 |
|       CHANNEL_BLK[13].shift_cntr   |     0.009 |
|       CHANNEL_BLK[14].shift_cntr   |     0.008 |
|       CHANNEL_BLK[15].shift_cntr   |     0.009 |
|       CHANNEL_BLK[16].shift_cntr   |     0.009 |
|       CHANNEL_BLK[17].shift_cntr   |     0.009 |
|       CHANNEL_BLK[18].shift_cntr   |     0.008 |
|       CHANNEL_BLK[19].shift_cntr   |     0.009 |
|       CHANNEL_BLK[1].shift_cntr    |     0.009 |
|       CHANNEL_BLK[20].shift_cntr   |     0.008 |
|       CHANNEL_BLK[21].shift_cntr   |     0.008 |
|       CHANNEL_BLK[22].shift_cntr   |     0.008 |
|       CHANNEL_BLK[23].shift_cntr   |     0.009 |
|       CHANNEL_BLK[24].shift_cntr   |     0.008 |
|       CHANNEL_BLK[25].shift_cntr   |     0.009 |
|       CHANNEL_BLK[26].shift_cntr   |     0.008 |
|       CHANNEL_BLK[27].shift_cntr   |     0.008 |
|       CHANNEL_BLK[28].shift_cntr   |     0.009 |
|       CHANNEL_BLK[29].shift_cntr   |     0.009 |
|       CHANNEL_BLK[2].shift_cntr    |     0.008 |
|       CHANNEL_BLK[30].shift_cntr   |     0.008 |
|       CHANNEL_BLK[31].shift_cntr   |     0.009 |
|       CHANNEL_BLK[32].shift_cntr   |     0.008 |
|       CHANNEL_BLK[33].shift_cntr   |     0.009 |
|       CHANNEL_BLK[34].shift_cntr   |     0.008 |
|       CHANNEL_BLK[35].shift_cntr   |     0.009 |
|       CHANNEL_BLK[36].shift_cntr   |     0.008 |
|       CHANNEL_BLK[37].shift_cntr   |     0.009 |
|       CHANNEL_BLK[38].shift_cntr   |     0.008 |
|       CHANNEL_BLK[39].shift_cntr   |     0.008 |
|       CHANNEL_BLK[3].shift_cntr    |     0.008 |
|       CHANNEL_BLK[40].shift_cntr   |     0.008 |
|       CHANNEL_BLK[41].shift_cntr   |     0.009 |
|       CHANNEL_BLK[42].shift_cntr   |     0.008 |
|       CHANNEL_BLK[43].shift_cntr   |     0.009 |
|       CHANNEL_BLK[44].shift_cntr   |     0.009 |
|       CHANNEL_BLK[45].shift_cntr   |     0.008 |
|       CHANNEL_BLK[46].shift_cntr   |     0.008 |
|       CHANNEL_BLK[47].shift_cntr   |     0.008 |
|       CHANNEL_BLK[48].shift_cntr   |     0.008 |
|       CHANNEL_BLK[49].shift_cntr   |     0.009 |
|       CHANNEL_BLK[4].shift_cntr    |     0.008 |
|       CHANNEL_BLK[50].shift_cntr   |     0.008 |
|       CHANNEL_BLK[51].shift_cntr   |     0.008 |
|       CHANNEL_BLK[52].shift_cntr   |     0.008 |
|       CHANNEL_BLK[53].shift_cntr   |     0.009 |
|       CHANNEL_BLK[54].shift_cntr   |     0.008 |
|       CHANNEL_BLK[55].shift_cntr   |     0.008 |
|       CHANNEL_BLK[56].shift_cntr   |     0.008 |
|       CHANNEL_BLK[57].shift_cntr   |     0.009 |
|       CHANNEL_BLK[58].shift_cntr   |     0.008 |
|       CHANNEL_BLK[59].shift_cntr   |     0.008 |
|       CHANNEL_BLK[5].shift_cntr    |     0.009 |
|       CHANNEL_BLK[60].shift_cntr   |     0.008 |
|       CHANNEL_BLK[61].shift_cntr   |     0.008 |
|       CHANNEL_BLK[62].shift_cntr   |     0.008 |
|       CHANNEL_BLK[63].shift_cntr   |     0.008 |
|       CHANNEL_BLK[64].shift_cntr   |     0.008 |
|       CHANNEL_BLK[65].shift_cntr   |     0.009 |
|       CHANNEL_BLK[66].shift_cntr   |     0.008 |
|       CHANNEL_BLK[67].shift_cntr   |     0.008 |
|       CHANNEL_BLK[68].shift_cntr   |     0.008 |
|       CHANNEL_BLK[69].shift_cntr   |     0.009 |
|       CHANNEL_BLK[6].shift_cntr    |     0.008 |
|       CHANNEL_BLK[70].shift_cntr   |     0.008 |
|       CHANNEL_BLK[71].shift_cntr   |     0.009 |
|       CHANNEL_BLK[72].shift_cntr   |     0.008 |
|       CHANNEL_BLK[73].shift_cntr   |     0.009 |
|       CHANNEL_BLK[7].shift_cntr    |     0.008 |
|       CHANNEL_BLK[8].shift_cntr    |     0.008 |
|       CHANNEL_BLK[9].shift_cntr    |     0.010 |
|     BUF_LOOP[1].shift_cntr_eachbuf |     0.630 |
|       CHANNEL_BLK[0].shift_cntr    |     0.009 |
|       CHANNEL_BLK[10].shift_cntr   |     0.008 |
|       CHANNEL_BLK[11].shift_cntr   |     0.008 |
|       CHANNEL_BLK[12].shift_cntr   |     0.008 |
|       CHANNEL_BLK[13].shift_cntr   |     0.009 |
|       CHANNEL_BLK[14].shift_cntr   |     0.008 |
|       CHANNEL_BLK[15].shift_cntr   |     0.009 |
|       CHANNEL_BLK[16].shift_cntr   |     0.009 |
|       CHANNEL_BLK[17].shift_cntr   |     0.009 |
|       CHANNEL_BLK[18].shift_cntr   |     0.008 |
|       CHANNEL_BLK[19].shift_cntr   |     0.008 |
|       CHANNEL_BLK[1].shift_cntr    |     0.009 |
|       CHANNEL_BLK[20].shift_cntr   |     0.008 |
|       CHANNEL_BLK[21].shift_cntr   |     0.008 |
|       CHANNEL_BLK[22].shift_cntr   |     0.008 |
|       CHANNEL_BLK[23].shift_cntr   |     0.009 |
|       CHANNEL_BLK[24].shift_cntr   |     0.008 |
|       CHANNEL_BLK[25].shift_cntr   |     0.009 |
|       CHANNEL_BLK[26].shift_cntr   |     0.008 |
|       CHANNEL_BLK[27].shift_cntr   |     0.008 |
|       CHANNEL_BLK[28].shift_cntr   |     0.008 |
|       CHANNEL_BLK[29].shift_cntr   |     0.009 |
|       CHANNEL_BLK[2].shift_cntr    |     0.009 |
|       CHANNEL_BLK[30].shift_cntr   |     0.008 |
|       CHANNEL_BLK[31].shift_cntr   |     0.009 |
|       CHANNEL_BLK[32].shift_cntr   |     0.008 |
|       CHANNEL_BLK[33].shift_cntr   |     0.009 |
|       CHANNEL_BLK[34].shift_cntr   |     0.008 |
|       CHANNEL_BLK[35].shift_cntr   |     0.008 |
|       CHANNEL_BLK[36].shift_cntr   |     0.008 |
|       CHANNEL_BLK[37].shift_cntr   |     0.008 |
|       CHANNEL_BLK[38].shift_cntr   |     0.008 |
|       CHANNEL_BLK[39].shift_cntr   |     0.009 |
|       CHANNEL_BLK[3].shift_cntr    |     0.009 |
|       CHANNEL_BLK[40].shift_cntr   |     0.008 |
|       CHANNEL_BLK[41].shift_cntr   |     0.009 |
|       CHANNEL_BLK[42].shift_cntr   |     0.008 |
|       CHANNEL_BLK[43].shift_cntr   |     0.009 |
|       CHANNEL_BLK[44].shift_cntr   |     0.008 |
|       CHANNEL_BLK[45].shift_cntr   |     0.008 |
|       CHANNEL_BLK[46].shift_cntr   |     0.009 |
|       CHANNEL_BLK[47].shift_cntr   |     0.009 |
|       CHANNEL_BLK[48].shift_cntr   |     0.008 |
|       CHANNEL_BLK[49].shift_cntr   |     0.009 |
|       CHANNEL_BLK[4].shift_cntr    |     0.008 |
|       CHANNEL_BLK[50].shift_cntr   |     0.008 |
|       CHANNEL_BLK[51].shift_cntr   |     0.009 |
|       CHANNEL_BLK[52].shift_cntr   |     0.008 |
|       CHANNEL_BLK[53].shift_cntr   |     0.009 |
|       CHANNEL_BLK[54].shift_cntr   |     0.008 |
|       CHANNEL_BLK[55].shift_cntr   |     0.008 |
|       CHANNEL_BLK[56].shift_cntr   |     0.008 |
|       CHANNEL_BLK[57].shift_cntr   |     0.009 |
|       CHANNEL_BLK[58].shift_cntr   |     0.008 |
|       CHANNEL_BLK[59].shift_cntr   |     0.008 |
|       CHANNEL_BLK[5].shift_cntr    |     0.008 |
|       CHANNEL_BLK[60].shift_cntr   |     0.008 |
|       CHANNEL_BLK[61].shift_cntr   |     0.009 |
|       CHANNEL_BLK[62].shift_cntr   |     0.009 |
|       CHANNEL_BLK[63].shift_cntr   |     0.009 |
|       CHANNEL_BLK[64].shift_cntr   |     0.008 |
|       CHANNEL_BLK[65].shift_cntr   |     0.009 |
|       CHANNEL_BLK[66].shift_cntr   |     0.008 |
|       CHANNEL_BLK[67].shift_cntr   |     0.009 |
|       CHANNEL_BLK[68].shift_cntr   |     0.008 |
|       CHANNEL_BLK[69].shift_cntr   |     0.009 |
|       CHANNEL_BLK[6].shift_cntr    |     0.008 |
|       CHANNEL_BLK[70].shift_cntr   |     0.008 |
|       CHANNEL_BLK[71].shift_cntr   |     0.008 |
|       CHANNEL_BLK[72].shift_cntr   |     0.008 |
|       CHANNEL_BLK[73].shift_cntr   |     0.009 |
|       CHANNEL_BLK[7].shift_cntr    |     0.008 |
|       CHANNEL_BLK[8].shift_cntr    |     0.008 |
|       CHANNEL_BLK[9].shift_cntr    |     0.009 |
|     BUF_LOOP[2].shift_cntr_eachbuf |     0.631 |
|       CHANNEL_BLK[0].shift_cntr    |     0.009 |
|       CHANNEL_BLK[10].shift_cntr   |     0.008 |
|       CHANNEL_BLK[11].shift_cntr   |     0.008 |
|       CHANNEL_BLK[12].shift_cntr   |     0.008 |
|       CHANNEL_BLK[13].shift_cntr   |     0.009 |
|       CHANNEL_BLK[14].shift_cntr   |     0.008 |
|       CHANNEL_BLK[15].shift_cntr   |     0.009 |
|       CHANNEL_BLK[16].shift_cntr   |     0.008 |
|       CHANNEL_BLK[17].shift_cntr   |     0.009 |
|       CHANNEL_BLK[18].shift_cntr   |     0.008 |
|       CHANNEL_BLK[19].shift_cntr   |     0.009 |
|       CHANNEL_BLK[1].shift_cntr    |     0.009 |
|       CHANNEL_BLK[20].shift_cntr   |     0.008 |
|       CHANNEL_BLK[21].shift_cntr   |     0.008 |
|       CHANNEL_BLK[22].shift_cntr   |     0.008 |
|       CHANNEL_BLK[23].shift_cntr   |     0.008 |
|       CHANNEL_BLK[24].shift_cntr   |     0.008 |
|       CHANNEL_BLK[25].shift_cntr   |     0.010 |
|       CHANNEL_BLK[26].shift_cntr   |     0.008 |
|       CHANNEL_BLK[27].shift_cntr   |     0.009 |
|       CHANNEL_BLK[28].shift_cntr   |     0.008 |
|       CHANNEL_BLK[29].shift_cntr   |     0.008 |
|       CHANNEL_BLK[2].shift_cntr    |     0.008 |
|       CHANNEL_BLK[30].shift_cntr   |     0.008 |
|       CHANNEL_BLK[31].shift_cntr   |     0.008 |
|       CHANNEL_BLK[32].shift_cntr   |     0.008 |
|       CHANNEL_BLK[33].shift_cntr   |     0.009 |
|       CHANNEL_BLK[34].shift_cntr   |     0.008 |
|       CHANNEL_BLK[35].shift_cntr   |     0.009 |
|       CHANNEL_BLK[36].shift_cntr   |     0.008 |
|       CHANNEL_BLK[37].shift_cntr   |     0.008 |
|       CHANNEL_BLK[38].shift_cntr   |     0.008 |
|       CHANNEL_BLK[39].shift_cntr   |     0.008 |
|       CHANNEL_BLK[3].shift_cntr    |     0.008 |
|       CHANNEL_BLK[40].shift_cntr   |     0.008 |
|       CHANNEL_BLK[41].shift_cntr   |     0.009 |
|       CHANNEL_BLK[42].shift_cntr   |     0.008 |
|       CHANNEL_BLK[43].shift_cntr   |     0.009 |
|       CHANNEL_BLK[44].shift_cntr   |     0.008 |
|       CHANNEL_BLK[45].shift_cntr   |     0.008 |
|       CHANNEL_BLK[46].shift_cntr   |     0.008 |
|       CHANNEL_BLK[47].shift_cntr   |     0.008 |
|       CHANNEL_BLK[48].shift_cntr   |     0.008 |
|       CHANNEL_BLK[49].shift_cntr   |     0.009 |
|       CHANNEL_BLK[4].shift_cntr    |     0.008 |
|       CHANNEL_BLK[50].shift_cntr   |     0.008 |
|       CHANNEL_BLK[51].shift_cntr   |     0.008 |
|       CHANNEL_BLK[52].shift_cntr   |     0.008 |
|       CHANNEL_BLK[53].shift_cntr   |     0.009 |
|       CHANNEL_BLK[54].shift_cntr   |     0.008 |
|       CHANNEL_BLK[55].shift_cntr   |     0.009 |
|       CHANNEL_BLK[56].shift_cntr   |     0.009 |
|       CHANNEL_BLK[57].shift_cntr   |     0.010 |
|       CHANNEL_BLK[58].shift_cntr   |     0.008 |
|       CHANNEL_BLK[59].shift_cntr   |     0.009 |
|       CHANNEL_BLK[5].shift_cntr    |     0.009 |
|       CHANNEL_BLK[60].shift_cntr   |     0.009 |
|       CHANNEL_BLK[61].shift_cntr   |     0.009 |
|       CHANNEL_BLK[62].shift_cntr   |     0.009 |
|       CHANNEL_BLK[63].shift_cntr   |     0.009 |
|       CHANNEL_BLK[64].shift_cntr   |     0.008 |
|       CHANNEL_BLK[65].shift_cntr   |     0.009 |
|       CHANNEL_BLK[66].shift_cntr   |     0.008 |
|       CHANNEL_BLK[67].shift_cntr   |     0.008 |
|       CHANNEL_BLK[68].shift_cntr   |     0.008 |
|       CHANNEL_BLK[69].shift_cntr   |     0.009 |
|       CHANNEL_BLK[6].shift_cntr    |     0.008 |
|       CHANNEL_BLK[70].shift_cntr   |     0.008 |
|       CHANNEL_BLK[71].shift_cntr   |     0.008 |
|       CHANNEL_BLK[72].shift_cntr   |     0.008 |
|       CHANNEL_BLK[73].shift_cntr   |     0.009 |
|       CHANNEL_BLK[7].shift_cntr    |     0.008 |
|       CHANNEL_BLK[8].shift_cntr    |     0.008 |
|       CHANNEL_BLK[9].shift_cntr    |     0.010 |
|     BUF_LOOP[3].shift_cntr_eachbuf |     0.632 |
|       CHANNEL_BLK[0].shift_cntr    |     0.009 |
|       CHANNEL_BLK[10].shift_cntr   |     0.009 |
|       CHANNEL_BLK[11].shift_cntr   |     0.009 |
|       CHANNEL_BLK[12].shift_cntr   |     0.009 |
|       CHANNEL_BLK[13].shift_cntr   |     0.009 |
|       CHANNEL_BLK[14].shift_cntr   |     0.009 |
|       CHANNEL_BLK[15].shift_cntr   |     0.009 |
|       CHANNEL_BLK[16].shift_cntr   |     0.008 |
|       CHANNEL_BLK[17].shift_cntr   |     0.009 |
|       CHANNEL_BLK[18].shift_cntr   |     0.008 |
|       CHANNEL_BLK[19].shift_cntr   |     0.009 |
|       CHANNEL_BLK[1].shift_cntr    |     0.009 |
|       CHANNEL_BLK[20].shift_cntr   |     0.008 |
|       CHANNEL_BLK[21].shift_cntr   |     0.008 |
|       CHANNEL_BLK[22].shift_cntr   |     0.008 |
|       CHANNEL_BLK[23].shift_cntr   |     0.009 |
|       CHANNEL_BLK[24].shift_cntr   |     0.009 |
|       CHANNEL_BLK[25].shift_cntr   |     0.010 |
|       CHANNEL_BLK[26].shift_cntr   |     0.008 |
|       CHANNEL_BLK[27].shift_cntr   |     0.009 |
|       CHANNEL_BLK[28].shift_cntr   |     0.009 |
|       CHANNEL_BLK[29].shift_cntr   |     0.009 |
|       CHANNEL_BLK[2].shift_cntr    |     0.008 |
|       CHANNEL_BLK[30].shift_cntr   |     0.008 |
|       CHANNEL_BLK[31].shift_cntr   |     0.008 |
|       CHANNEL_BLK[32].shift_cntr   |     0.008 |
|       CHANNEL_BLK[33].shift_cntr   |     0.009 |
|       CHANNEL_BLK[34].shift_cntr   |     0.008 |
|       CHANNEL_BLK[35].shift_cntr   |     0.008 |
|       CHANNEL_BLK[36].shift_cntr   |     0.008 |
|       CHANNEL_BLK[37].shift_cntr   |     0.008 |
|       CHANNEL_BLK[38].shift_cntr   |     0.008 |
|       CHANNEL_BLK[39].shift_cntr   |     0.008 |
|       CHANNEL_BLK[3].shift_cntr    |     0.008 |
|       CHANNEL_BLK[40].shift_cntr   |     0.008 |
|       CHANNEL_BLK[41].shift_cntr   |     0.009 |
|       CHANNEL_BLK[42].shift_cntr   |     0.008 |
|       CHANNEL_BLK[43].shift_cntr   |     0.009 |
|       CHANNEL_BLK[44].shift_cntr   |     0.008 |
|       CHANNEL_BLK[45].shift_cntr   |     0.009 |
|       CHANNEL_BLK[46].shift_cntr   |     0.008 |
|       CHANNEL_BLK[47].shift_cntr   |     0.009 |
|       CHANNEL_BLK[48].shift_cntr   |     0.008 |
|       CHANNEL_BLK[49].shift_cntr   |     0.009 |
|       CHANNEL_BLK[4].shift_cntr    |     0.008 |
|       CHANNEL_BLK[50].shift_cntr   |     0.009 |
|       CHANNEL_BLK[51].shift_cntr   |     0.008 |
|       CHANNEL_BLK[52].shift_cntr   |     0.008 |
|       CHANNEL_BLK[53].shift_cntr   |     0.008 |
|       CHANNEL_BLK[54].shift_cntr   |     0.009 |
|       CHANNEL_BLK[55].shift_cntr   |     0.009 |
|       CHANNEL_BLK[56].shift_cntr   |     0.008 |
|       CHANNEL_BLK[57].shift_cntr   |     0.009 |
|       CHANNEL_BLK[58].shift_cntr   |     0.008 |
|       CHANNEL_BLK[59].shift_cntr   |     0.009 |
|       CHANNEL_BLK[5].shift_cntr    |     0.009 |
|       CHANNEL_BLK[60].shift_cntr   |     0.008 |
|       CHANNEL_BLK[61].shift_cntr   |     0.008 |
|       CHANNEL_BLK[62].shift_cntr   |     0.008 |
|       CHANNEL_BLK[63].shift_cntr   |     0.008 |
|       CHANNEL_BLK[64].shift_cntr   |     0.008 |
|       CHANNEL_BLK[65].shift_cntr   |     0.009 |
|       CHANNEL_BLK[66].shift_cntr   |     0.008 |
|       CHANNEL_BLK[67].shift_cntr   |     0.008 |
|       CHANNEL_BLK[68].shift_cntr   |     0.008 |
|       CHANNEL_BLK[69].shift_cntr   |     0.009 |
|       CHANNEL_BLK[6].shift_cntr    |     0.008 |
|       CHANNEL_BLK[70].shift_cntr   |     0.008 |
|       CHANNEL_BLK[71].shift_cntr   |     0.008 |
|       CHANNEL_BLK[72].shift_cntr   |     0.008 |
|       CHANNEL_BLK[73].shift_cntr   |     0.009 |
|       CHANNEL_BLK[7].shift_cntr    |     0.009 |
|       CHANNEL_BLK[8].shift_cntr    |     0.008 |
|       CHANNEL_BLK[9].shift_cntr    |     0.009 |
|     SEND_LOOP[0].data_send_mcs0    |     0.011 |
|     SEND_LOOP[1].data_send_mcs0    |     0.011 |
|     SEND_LOOP[2].data_send_mcs0    |     0.011 |
|     SEND_LOOP[3].data_send_mcs0    |     0.011 |
|     get_spillInfo                  |     0.001 |
+------------------------------------+-----------+


=======
Copyright 1986-2020 Xilinx, Inc. All Rights Reserved.
-------------------------------------------------------------------------------------------------------------------------------
| Tool Version     : Vivado v.2020.1 (lin64) Build 2902540 Wed May 27 19:54:35 MDT 2020
| Date             : Fri Jan 22 19:53:49 2021
| Host             : localhost.localdomain running 64-bit unknown
| Command          : report_power -file top_power_routed.rpt -pb top_power_summary_routed.pb -rpx top_power_routed.rpx
| Design           : top
| Device           : xc7k325tffg900-2
| Design State     : routed
| Grade            : commercial
| Process          : typical
| Characterization : Production
-------------------------------------------------------------------------------------------------------------------------------

Power Report

Table of Contents
-----------------
1. Summary
1.1 On-Chip Components
1.2 Power Supply Summary
1.3 Confidence Level
2. Settings
2.1 Environment
2.2 Clock Constraints
3. Detailed Reports
3.1 By Hierarchy

1. Summary
----------

+--------------------------+--------------+
| Total On-Chip Power (W)  | 1.134        |
| Design Power Budget (W)  | Unspecified* |
| Power Budget Margin (W)  | NA           |
| Dynamic (W)              | 0.955        |
| Device Static (W)        | 0.179        |
| Effective TJA (C/W)      | 1.8          |
| Max Ambient (C)          | 83.0         |
| Junction Temperature (C) | 27.0         |
| Confidence Level         | Low          |
| Setting File             | ---          |
| Simulation Activity File | ---          |
| Design Nets Matched      | NA           |
+--------------------------+--------------+
* Specify Design Power Budget using, set_operating_conditions -design_power_budget <value in Watts>


1.1 On-Chip Components
----------------------

+--------------------------+-----------+----------+-----------+-----------------+
| On-Chip                  | Power (W) | Used     | Available | Utilization (%) |
+--------------------------+-----------+----------+-----------+-----------------+
| Clocks                   |     0.102 |       11 |       --- |             --- |
| Slice Logic              |     0.021 |    18870 |       --- |             --- |
|   LUT as Logic           |     0.016 |     6407 |    203800 |            3.14 |
|   CARRY4                 |     0.003 |      475 |     50950 |            0.93 |
|   Register               |     0.002 |     9057 |    407600 |            2.22 |
|   LUT as Shift Register  |    <0.001 |      237 |     64000 |            0.37 |
|   F7/F8 Muxes            |    <0.001 |      445 |    203800 |            0.22 |
|   LUT as Distributed RAM |    <0.001 |       32 |     64000 |            0.05 |
|   Others                 |     0.000 |     1346 |       --- |             --- |
| Signals                  |     0.035 |    13680 |       --- |             --- |
| Block RAM                |     0.155 |    232.5 |       445 |           52.25 |
| PLL                      |     0.217 |        2 |        10 |           20.00 |
| I/O                      |     0.424 |      198 |       500 |           39.60 |
| Static Power             |     0.179 |          |           |                 |
| Total                    |     1.134 |          |           |                 |
+--------------------------+-----------+----------+-----------+-----------------+


1.2 Power Supply Summary
------------------------

+-----------+-------------+-----------+-------------+------------+-------------+-------------+------------+
| Source    | Voltage (V) | Total (A) | Dynamic (A) | Static (A) | Powerup (A) | Budget (A)  | Margin (A) |
+-----------+-------------+-----------+-------------+------------+-------------+-------------+------------+
| Vccint    |       1.000 |     0.425 |       0.345 |      0.079 |       NA    | Unspecified | NA         |
| Vccaux    |       1.800 |     0.218 |       0.190 |      0.029 |       NA    | Unspecified | NA         |
| Vcco33    |       3.300 |     0.000 |       0.000 |      0.000 |       NA    | Unspecified | NA         |
| Vcco25    |       2.500 |     0.103 |       0.102 |      0.001 |       NA    | Unspecified | NA         |
| Vcco18    |       1.800 |     0.000 |       0.000 |      0.000 |       NA    | Unspecified | NA         |
| Vcco15    |       1.500 |     0.000 |       0.000 |      0.000 |       NA    | Unspecified | NA         |
| Vcco135   |       1.350 |     0.000 |       0.000 |      0.000 |       NA    | Unspecified | NA         |
| Vcco12    |       1.200 |     0.000 |       0.000 |      0.000 |       NA    | Unspecified | NA         |
| Vccaux_io |       1.800 |     0.000 |       0.000 |      0.000 |       NA    | Unspecified | NA         |
| Vccbram   |       1.000 |     0.023 |       0.013 |      0.009 |       NA    | Unspecified | NA         |
| MGTAVcc   |       1.000 |     0.000 |       0.000 |      0.000 |       NA    | Unspecified | NA         |
| MGTAVtt   |       1.200 |     0.000 |       0.000 |      0.000 |       NA    | Unspecified | NA         |
| MGTVccaux |       1.800 |     0.000 |       0.000 |      0.000 |       NA    | Unspecified | NA         |
| Vccadc    |       1.800 |     0.020 |       0.000 |      0.020 |       NA    | Unspecified | NA         |
+-----------+-------------+-----------+-------------+------------+-------------+-------------+------------+


1.3 Confidence Level
--------------------

+-----------------------------+------------+--------------------------------------------------------+------------------------------------------------------------------------------------------------------------+
| User Input Data             | Confidence | Details                                                | Action                                                                                                     |
+-----------------------------+------------+--------------------------------------------------------+------------------------------------------------------------------------------------------------------------+
| Design implementation state | High       | Design is routed                                       |                                                                                                            |
| Clock nodes activity        | High       | User specified more than 95% of clocks                 |                                                                                                            |
| I/O nodes activity          | Low        | More than 75% of inputs are missing user specification | Provide missing input activity with simulation results or by editing the "By Resource Type -> I/Os" view   |
| Internal nodes activity     | Medium     | User specified less than 25% of internal nodes         | Provide missing internal nodes activity with simulation results or by editing the "By Resource Type" views |
| Device models               | High       | Device models are Production                           |                                                                                                            |
|                             |            |                                                        |                                                                                                            |
| Overall confidence level    | Low        |                                                        |                                                                                                            |
+-----------------------------+------------+--------------------------------------------------------+------------------------------------------------------------------------------------------------------------+


2. Settings
-----------

2.1 Environment
---------------

+-----------------------+--------------------------+
| Ambient Temp (C)      | 25.0                     |
| ThetaJA (C/W)         | 1.8                      |
| Airflow (LFM)         | 250                      |
| Heat Sink             | medium (Medium Profile)  |
| ThetaSA (C/W)         | 3.3                      |
| Board Selection       | medium (10"x10")         |
| # of Board Layers     | 12to15 (12 to 15 Layers) |
| Board Temperature (C) | 25.0                     |
+-----------------------+--------------------------+


2.2 Clock Constraints
---------------------

+--------------------------------------------------------------------------------------------+----------------------------------------------------------------------+-----------------+
| Clock                                                                                      | Domain                                                               | Constraint (ns) |
+--------------------------------------------------------------------------------------------+----------------------------------------------------------------------+-----------------+
| CLK_10M                                                                                    | CLK_10M                                                              |           100.0 |
| CLK_125M_1                                                                                 | nolabel_line194/CLK_125M                                             |             8.0 |
| CLK_200M                                                                                   | nolabel_line194/CLK_200M                                             |             5.0 |
| GMII_RX_CLK                                                                                | GMII_RX_CLK                                                          |             8.0 |
| GMII_TX_CLK                                                                                | GMII_TX_CLK                                                          |            40.0 |
| PLL_CLKFB_2                                                                                | PLL_CLKFB                                                            |             5.0 |
| PLL_CLKFB_3                                                                                | nolabel_line194/PLL_CLKFB                                            |             5.0 |
| SYSCLK_200MP_IN                                                                            | SYSCLK_200MP_IN                                                      |             5.0 |
| dbg_hub/inst/BSCANID.u_xsdbm_id/SWITCH_N_EXT_BSCAN.bscan_inst/SERIES7_BSCAN.bscan_inst/TCK | dbg_hub/inst/BSCANID.u_xsdbm_id/SWITCH_N_EXT_BSCAN.bscan_inst/tck_bs |            33.0 |
+--------------------------------------------------------------------------------------------+----------------------------------------------------------------------+-----------------+


3. Detailed Reports
-------------------

3.1 By Hierarchy
----------------

+--------------------------+-----------+
| Name                     | Power (W) |
+--------------------------+-----------+
| top                      |     0.955 |
|   LOC_REG                |     0.010 |
|   dbg_hub                |     0.006 |
|     inst                 |     0.006 |
|       BSCANID.u_xsdbm_id |     0.006 |
|   ila_0                  |     0.032 |
|     inst                 |     0.032 |
|       ila_core_inst      |     0.032 |
|   nolabel_line194        |     0.282 |
|     AT93C46_IIC          |     0.008 |
|       MIRROR_MEM         |     0.003 |
|       PCA9548_SW         |     0.003 |
|     SiTCP                |     0.099 |
|       SiTCP              |     0.099 |
|     fifo_generator_v11_0 |     0.060 |
|       U0                 |     0.060 |
|   top_tdc                |     0.090 |
|     DATA_BUF             |     0.088 |
|       OUT_DATA_PACK      |     0.001 |
|       fifo               |     0.085 |
+--------------------------+-----------+


>>>>>>> 75b128b8e723975a4dca3a03d38e9920c5d57862
